  Enemy.cpp
  EnemyMgr.cpp
  EquipmentChange.cpp
z:\win\source\repos\game\jikken\equipmentchange.cpp(92): warning C4101: 'change': ローカル変数は 1 度も使われていません。
  Game.cpp
  Keyboard.cpp
  Map.cpp
z:\win\source\repos\game\jikken\map.cpp(149): warning C4101: 'end': ローカル変数は 1 度も使われていません。
  Menu.cpp
  Player.cpp
  Save.cpp
  SaveSelect.cpp
  Savedata.cpp
  SceneMgr.cpp
  Title.cpp
  WareHouse.cpp
  hitJudgment.cpp
  main.cpp
  コードを生成中...
  LINK : 前回のインクリメンタル リンクで Z:\win\source\repos\game\jikken\x64\Debug\GameProg.exe が見つからなかったか、ビルドされませんでした。フル リンクを行います。
  GameProg.vcxproj -> Z:\win\source\repos\game\jikken\x64\Debug\GameProg.exe
